This is pdfTeX, Version 3.1415926-2.4-1.40.13 (TeX Live 2012) (format=pdflatex 2012.6.30)  18 MAR 2015 15:05
entering extended mode
 \write18 enabled.
 %&-line parsing enabled.
**template.tex
(./template.tex
LaTeX2e <2011/06/27>
Babel <v3.8m> and hyphenation patterns for english, dumylang, nohyphenation, ge
rman-x-2012-05-30, ngerman-x-2012-05-30, afrikaans, ancientgreek, ibycus, arabi
c, armenian, basque, bulgarian, catalan, pinyin, coptic, croatian, czech, danis
h, dutch, ukenglish, usenglishmax, esperanto, estonian, ethiopic, farsi, finnis
h, french, friulan, galician, german, ngerman, swissgerman, monogreek, greek, h
ungarian, icelandic, assamese, bengali, gujarati, hindi, kannada, malayalam, ma
rathi, oriya, panjabi, tamil, telugu, indonesian, interlingua, irish, italian, 
kurmanji, latin, latvian, lithuanian, mongolian, mongolianlmc, bokmal, nynorsk,
 polish, portuguese, romanian, romansh, russian, sanskrit, serbian, serbianc, s
lovak, slovenian, spanish, swedish, turkish, turkmen, ukrainian, uppersorbian, 
welsh, loaded.

LaTeX Warning: File `example.eps' already exists on the system.
               Not generating it from this source.

(/usr/local/texlive/2012/texmf-dist/tex/latex/base/fix-cm.sty
Package: fix-cm 2006/09/13 v1.1m fixes to LaTeX

(/usr/local/texlive/2012/texmf-dist/tex/latex/base/ts1enc.def
File: ts1enc.def 2001/06/05 v3.0e (jk/car/fm) Standard LaTeX file
)) (./svjour3.cls
Document Class: svjour3 2007/05/08 v3.2 
LaTeX document class for Springer journals
Class Springer-SVJour3 Info: extra/valid Springer sub-package (-> *.clo) 
(Springer-SVJour3)           not found in option list of \documentclass
(Springer-SVJour3)           - autoactivating "global" style.
(./svglov3.clo
File: svglov3.clo 2009/12/18 v3.2 style option for standardised journals

SVJour Class option: svglov3.clo for standardised journals
)
LaTeX Font Info:    Redeclaring math symbol \Gamma on input line 147.
LaTeX Font Info:    Redeclaring math symbol \Delta on input line 148.
LaTeX Font Info:    Redeclaring math symbol \Theta on input line 149.
LaTeX Font Info:    Redeclaring math symbol \Lambda on input line 150.
LaTeX Font Info:    Redeclaring math symbol \Xi on input line 151.
LaTeX Font Info:    Redeclaring math symbol \Pi on input line 152.
LaTeX Font Info:    Redeclaring math symbol \Sigma on input line 153.
LaTeX Font Info:    Redeclaring math symbol \Upsilon on input line 154.
LaTeX Font Info:    Redeclaring math symbol \Phi on input line 155.
LaTeX Font Info:    Redeclaring math symbol \Psi on input line 156.
LaTeX Font Info:    Redeclaring math symbol \Omega on input line 157.
\logodepth=\dimen102
\headerboxheight=\dimen103
\betweenumberspace=\dimen104
\aftertext=\dimen105
\headlineindent=\dimen106
\c@inst=\count79
\c@auth=\count80
\instindent=\dimen107
\authrun=\box26
\authorrunning=\toks14
\titrun=\box27
\titlerunning=\toks15
\combirun=\box28
\c@lastpage=\count81
\rubricwidth=\dimen108
\c@section=\count82
\c@subsection=\count83
\c@subsubsection=\count84
\c@paragraph=\count85
\c@subparagraph=\count86
\spthmsep=\dimen109
\c@theorem=\count87
\c@case=\count88
\c@conjecture=\count89
\c@corollary=\count90
\c@definition=\count91
\c@example=\count92
\c@exercise=\count93
\c@lemma=\count94
\c@note=\count95
\c@problem=\count96
\c@property=\count97
\c@proposition=\count98
\c@question=\count99
\c@solution=\count100
\c@remark=\count101
\c@figure=\count102
\c@table=\count103
\abovecaptionskip=\skip41
\belowcaptionskip=\skip42
\figcapgap=\dimen110
\tabcapgap=\dimen111
\figgap=\dimen112
\bibindent=\dimen113
\@tempcntc=\count104
) (/usr/local/texlive/2012/texmf-dist/tex/latex/graphics/graphicx.sty
Package: graphicx 1999/02/16 v1.0f Enhanced LaTeX Graphics (DPC,SPQR)

(/usr/local/texlive/2012/texmf-dist/tex/latex/graphics/keyval.sty
Package: keyval 1999/03/16 v1.13 key=value parser (DPC)
\KV@toks@=\toks16
)
(/usr/local/texlive/2012/texmf-dist/tex/latex/graphics/graphics.sty
Package: graphics 2009/02/05 v1.0o Standard LaTeX Graphics (DPC,SPQR)

(/usr/local/texlive/2012/texmf-dist/tex/latex/graphics/trig.sty
Package: trig 1999/03/16 v1.09 sin cos tan (DPC)
)
(/usr/local/texlive/2012/texmf-dist/tex/latex/latexconfig/graphics.cfg
File: graphics.cfg 2010/04/23 v1.9 graphics configuration of TeX Live
)
Package graphics Info: Driver file: pdftex.def on input line 91.

(/usr/local/texlive/2012/texmf-dist/tex/latex/pdftex-def/pdftex.def
File: pdftex.def 2011/05/27 v0.06d Graphics/color for pdfTeX

(/usr/local/texlive/2012/texmf-dist/tex/generic/oberdiek/infwarerr.sty
Package: infwarerr 2010/04/08 v1.3 Providing info/warning/error messages (HO)
)
(/usr/local/texlive/2012/texmf-dist/tex/generic/oberdiek/ltxcmds.sty
Package: ltxcmds 2011/11/09 v1.22 LaTeX kernel commands for general use (HO)
)
\Gread@gobject=\count105
))
\Gin@req@height=\dimen114
\Gin@req@width=\dimen115
)
(/usr/local/texlive/2012/texmf-dist/tex/latex/amsmath/amsmath.sty
Package: amsmath 2000/07/18 v2.13 AMS math features
\@mathmargin=\skip43

For additional information on amsmath, use the `?' option.
(/usr/local/texlive/2012/texmf-dist/tex/latex/amsmath/amstext.sty
Package: amstext 2000/06/29 v2.01

(/usr/local/texlive/2012/texmf-dist/tex/latex/amsmath/amsgen.sty
File: amsgen.sty 1999/11/30 v2.0
\@emptytoks=\toks17
\ex@=\dimen116
))
(/usr/local/texlive/2012/texmf-dist/tex/latex/amsmath/amsbsy.sty
Package: amsbsy 1999/11/29 v1.2d
\pmbraise@=\dimen117
)
(/usr/local/texlive/2012/texmf-dist/tex/latex/amsmath/amsopn.sty
Package: amsopn 1999/12/14 v2.01 operator names
)
\inf@bad=\count106
LaTeX Info: Redefining \frac on input line 211.
\uproot@=\count107
\leftroot@=\count108
LaTeX Info: Redefining \overline on input line 307.
\classnum@=\count109
\DOTSCASE@=\count110
LaTeX Info: Redefining \ldots on input line 379.
LaTeX Info: Redefining \dots on input line 382.
LaTeX Info: Redefining \cdots on input line 467.
\Mathstrutbox@=\box29
\strutbox@=\box30
\big@size=\dimen118
LaTeX Font Info:    Redeclaring font encoding OML on input line 567.
LaTeX Font Info:    Redeclaring font encoding OMS on input line 568.


Package amsmath Warning: Unable to redefine math accent \vec.

\macc@depth=\count111
\c@MaxMatrixCols=\count112
\dotsspace@=\muskip10
\c@parentequation=\count113
\dspbrk@lvl=\count114
\tag@help=\toks18
\row@=\count115
\column@=\count116
\maxfields@=\count117
\andhelp@=\toks19
\eqnshift@=\dimen119
\alignsep@=\dimen120
\tagshift@=\dimen121
\tagwidth@=\dimen122
\totwidth@=\dimen123
\lineht@=\dimen124
\@envbody=\toks20
\multlinegap=\skip44
\multlinetaggap=\skip45
\mathdisplay@stack=\toks21
LaTeX Info: Redefining \[ on input line 2666.
LaTeX Info: Redefining \] on input line 2667.
)
\c@assumption=\count118
 (/usr/local/texlive/2012/texmf-dist/tex/latex/amsfonts/amssymb.sty
Package: amssymb 2009/06/22 v3.00

(/usr/local/texlive/2012/texmf-dist/tex/latex/amsfonts/amsfonts.sty
Package: amsfonts 2009/06/22 v3.00 Basic AMSFonts support
\symAMSa=\mathgroup4
\symAMSb=\mathgroup5
LaTeX Font Info:    Overwriting math alphabet `\mathfrak' in version `bold'
(Font)                  U/euf/m/n --> U/euf/b/n on input line 96.
))
(/usr/local/texlive/2012/texmf-dist/tex/latex/caption/caption.sty
Package: caption 2012/02/19 v3.2f Customizing captions (AR)

(/usr/local/texlive/2012/texmf-dist/tex/latex/caption/caption3.sty
Package: caption3 2012/01/12 v1.4b caption3 kernel (AR)
\captionmargin=\dimen125
\captionmargin@=\dimen126
\captionwidth=\dimen127
\caption@indent=\dimen128
\caption@parindent=\dimen129
\caption@hangindent=\dimen130
Package caption Info: Unknown document class (or package),
(caption)             standard defaults will be used.
)

Package caption Warning: Unsupported document class (or package) detected,
(caption)                usage of the caption package is not recommended.
See the caption package documentation for explanation.

Package caption Info: \@makecaption = \long macro:#1#2->\captionstyle \ifx \@ca
ptype \fig@type \vskip \figcapgap \fi \setbox \@tempboxa \hbox {{\floatlegendst
yle #1\floatcounterend }\capstrut #2}\ifdim \wd \@tempboxa >\hsize {\floatlegen
dstyle #1\floatcounterend }\capstrut #2\par \else \hbox to\hsize {\leftlegendgl
ue \unhbox \@tempboxa \hfil }\fi \ifx \@captype \fig@type \else \vskip \tabcapg
ap \fi .
\c@ContinuedFloat=\count119
) (/usr/local/texlive/2012/texmf-dist/tex/latex/graphics/color.sty
Package: color 2005/11/14 v1.0j Standard LaTeX Color (DPC)

(/usr/local/texlive/2012/texmf-dist/tex/latex/latexconfig/color.cfg
File: color.cfg 2007/01/18 v1.5 color configuration of teTeX/TeXLive
)
Package color Info: Driver file: pdftex.def on input line 130.
)
(./template.aux

LaTeX Warning: Label `e:1' multiply defined.


LaTeX Warning: Label `e:1' multiply defined.


LaTeX Warning: Label `e:Lambda' multiply defined.

)
\openout1 = `template.aux'.

LaTeX Font Info:    Checking defaults for OML/cmm/m/it on input line 83.
LaTeX Font Info:    ... okay on input line 83.
LaTeX Font Info:    Checking defaults for T1/cmr/m/n on input line 83.
LaTeX Font Info:    ... okay on input line 83.
LaTeX Font Info:    Checking defaults for OT1/cmr/m/n on input line 83.
LaTeX Font Info:    ... okay on input line 83.
LaTeX Font Info:    Checking defaults for OMS/cmsy/m/n on input line 83.
LaTeX Font Info:    ... okay on input line 83.
LaTeX Font Info:    Checking defaults for OMX/cmex/m/n on input line 83.
LaTeX Font Info:    ... okay on input line 83.
LaTeX Font Info:    Checking defaults for U/cmr/m/n on input line 83.
LaTeX Font Info:    ... okay on input line 83.
LaTeX Font Info:    Checking defaults for TS1/cmr/m/n on input line 83.
LaTeX Font Info:    ... okay on input line 83.

Unknown journal: specify \journalname{<name of your journal>} in preambel

(/usr/local/texlive/2012/texmf-dist/tex/context/base/supp-pdf.mkii
[Loading MPS to PDF converter (version 2006.09.02).]
\scratchcounter=\count120
\scratchdimen=\dimen131
\scratchbox=\box31
\nofMPsegments=\count121
\nofMParguments=\count122
\everyMPshowfont=\toks22
\MPscratchCnt=\count123
\MPscratchDim=\dimen132
\MPnumerator=\count124
\makeMPintoPDFobject=\count125
\everyMPtoPDFconversion=\toks23
) (/usr/local/texlive/2012/texmf-dist/tex/generic/oberdiek/pdftexcmds.sty
Package: pdftexcmds 2011/11/29 v0.20 Utility functions of pdfTeX for LuaTeX (HO
)

(/usr/local/texlive/2012/texmf-dist/tex/generic/oberdiek/ifluatex.sty
Package: ifluatex 2010/03/01 v1.3 Provides the ifluatex switch (HO)
Package ifluatex Info: LuaTeX not detected.
)
(/usr/local/texlive/2012/texmf-dist/tex/generic/oberdiek/ifpdf.sty
Package: ifpdf 2011/01/30 v2.3 Provides the ifpdf switch (HO)
Package ifpdf Info: pdfTeX in PDF mode is detected.
)
Package pdftexcmds Info: LuaTeX not detected.
Package pdftexcmds Info: \pdf@primitive is available.
Package pdftexcmds Info: \pdf@ifprimitive is available.
Package pdftexcmds Info: \pdfdraftmode found.
)
(/usr/local/texlive/2012/texmf-dist/tex/latex/oberdiek/epstopdf-base.sty
Package: epstopdf-base 2010/02/09 v2.5 Base part for package epstopdf

(/usr/local/texlive/2012/texmf-dist/tex/latex/oberdiek/grfext.sty
Package: grfext 2010/08/19 v1.1 Manage graphics extensions (HO)

(/usr/local/texlive/2012/texmf-dist/tex/generic/oberdiek/kvdefinekeys.sty
Package: kvdefinekeys 2011/04/07 v1.3 Define keys (HO)
))
(/usr/local/texlive/2012/texmf-dist/tex/latex/oberdiek/kvoptions.sty
Package: kvoptions 2011/06/30 v3.11 Key value format for package options (HO)

(/usr/local/texlive/2012/texmf-dist/tex/generic/oberdiek/kvsetkeys.sty
Package: kvsetkeys 2012/04/25 v1.16 Key value parser (HO)

(/usr/local/texlive/2012/texmf-dist/tex/generic/oberdiek/etexcmds.sty
Package: etexcmds 2011/02/16 v1.5 Avoid name clashes with e-TeX commands (HO)
Package etexcmds Info: Could not find \expanded.
(etexcmds)             That can mean that you are not using pdfTeX 1.50 or
(etexcmds)             that some package has redefined \expanded.
(etexcmds)             In the latter case, load this package earlier.
)))
Package grfext Info: Graphics extension search list:
(grfext)             [.png,.pdf,.jpg,.mps,.jpeg,.jbig2,.jb2,.PNG,.PDF,.JPG,.JPE
G,.JBIG2,.JB2,.eps]
(grfext)             \AppendGraphicsExtensions on input line 452.

(/usr/local/texlive/2012/texmf-dist/tex/latex/latexconfig/epstopdf-sys.cfg
File: epstopdf-sys.cfg 2010/07/13 v1.3 Configuration of (r)epstopdf for TeX Liv
e
))
Package caption Info: Begin \AtBeginDocument code.
Package caption Info: Incompatible package detected (regarding \@caption).
(caption)             \@caption = \long macro:#1[#2]#3->\par \addcontentsline {
\csname ext@#1\endcsname }{#1}{\protect \numberline {\csname the#1\endcsname }{
\ignorespaces #2}}\begingroup \@parboxrestore \@makecaption {\csname fnum@#1\en
dcsname }{\ignorespaces #3}\par \endgroup .


Package caption Warning: \caption will not be redefined since it's already
(caption)                redefined by a document class or package which is
(caption)                unknown to the caption package.
See the caption package documentation for explanation.

Package caption Info: End \AtBeginDocument code.
SVJour3 warning: Missing \journalname
LaTeX Font Info:    Try loading font information for U+msa on input line 117.
(/usr/local/texlive/2012/texmf-dist/tex/latex/amsfonts/umsa.fd
File: umsa.fd 2009/06/22 v3.00 AMS symbols A
)
LaTeX Font Info:    Try loading font information for U+msb on input line 117.

(/usr/local/texlive/2012/texmf-dist/tex/latex/amsfonts/umsb.fd
File: umsb.fd 2009/06/22 v3.00 AMS symbols B
) [1{/usr/local/texlive/2012/texmf-var/fonts/map/pdftex/updmap/pdftex.map}] [2]
 [3] [4]
Overfull \hbox (0.22914pt too wide) in paragraph at lines 215--218
\U/msb/m/n/10 R[]$ \OT1/cmr/m/n/10 and $\OML/cmm/m/it/10 e \OMS/cmsy/m/n/10 2 \
U/msb/m/n/10 R[]$\OT1/cmr/m/n/10 , $\OML/cmm/m/it/10 G[] \OMS/cmsy/m/n/10 2 \U/
msb/m/n/10 R[]$ \OT1/cmr/m/n/10 and $\OML/cmm/m/it/10 f[] \OMS/cmsy/m/n/10 2 \U
/msb/m/n/10 R[]$\OT1/cmr/m/n/10 . 
 []


Underfull \vbox (badness 4582) has occurred while \output is active []

 [5]
[6] [7]
Overfull \hbox (12.21931pt too wide) in paragraph at lines 310--311
[]\OT1/cmr/m/n/10 Recall that in or-der to find the so-lu-tion $\OML/cmm/m/it/1
0 ^^U[]\OT1/cmr/m/n/10 (\OML/cmm/m/it/10 ^^\\OT1/cmr/m/n/10 )$ to the dual prob
-lem $[][] \OML/cmm/m/it/10 d\OT1/cmr/m/n/10 (\OML/cmm/m/it/10 ^^U; ^^\\OT1/cmr
/m/n/10 )$,
 []

[8] [9]
Overfull \hbox (3.61743pt too wide) in paragraph at lines 439--440
[]\OT1/cmr/m/it/10 The row and col-umn ab-so-lute sums of $\OML/cmm/m/it/10 ^^H
[]$ \OT1/cmr/m/it/10 are bounded. Hence: 
 []

[10] [11] [12] [13] [14] [15]
Overfull \hbox (10.53824pt too wide) in paragraph at lines 654--655
[]\OT1/cmr/m/n/10 We have al-ready es-tab-lished that the eigen-val-ues of $\OM
S/cmsy/m/n/10 br[]\OML/cmm/m/it/10 d\OT1/cmr/m/n/10 (\OML/cmm/m/it/10 ^^U; ^^\\
OT1/cmr/m/n/10 )\OMS/cmsy/m/n/10 e[] ^^@ r[]\OML/cmm/m/it/10 d\OT1/cmr/m/n/10 (
\OML/cmm/m/it/10 ^^U; ^^\\OT1/cmr/m/n/10 ))$
 []

[16] [17] [18] [19] [20]
Package epstopdf Info: Source file: <./Figures/HessianSpyLongHorizon.eps>
(epstopdf)                    date: 2015-03-12 14:22:10
(epstopdf)                    size: 40250864 bytes
(epstopdf)             Output file: <./Figures/HessianSpyLongHorizon-eps-conver
ted-to.pdf>
(epstopdf)                    date: 2015-03-12 14:23:10
(epstopdf)                    size: 26103 bytes
(epstopdf)             Command: <epstopdf --outfile=./Figures/HessianSpyLongHor
izon-eps-converted-to.pdf ./Figures/HessianSpyLongHorizon.eps>
(epstopdf)             \includegraphics on input line 850.
Package epstopdf Info: Output file is already uptodate.

<./Figures/HessianSpyLongHorizon-eps-converted-to.pdf, id=82, 433.62pt x 433.62
pt>
File: ./Figures/HessianSpyLongHorizon-eps-converted-to.pdf Graphic file (type p
df)
 <use ./Figures/HessianSpyLongHorizon-eps-converted-to.pdf>
Package pdftex.def Info: ./Figures/HessianSpyLongHorizon-eps-converted-to.pdf u
sed on input line 850.
(pdftex.def)             Requested size: 216.80946pt x 216.80946pt.

Underfull \vbox (badness 1389) has occurred while \output is active []

 [21 <./Figures/HessianSpyLongHorizon-eps-converted-to.pdf>]
Package epstopdf Info: Source file: <./Figures/ConvergenceLongHorizon.eps>
(epstopdf)                    date: 2015-03-12 13:26:20
(epstopdf)                    size: 35717 bytes
(epstopdf)             Output file: <./Figures/ConvergenceLongHorizon-eps-conve
rted-to.pdf>
(epstopdf)                    date: 2015-03-12 14:03:37
(epstopdf)                    size: 15578 bytes
(epstopdf)             Command: <epstopdf --outfile=./Figures/ConvergenceLongHo
rizon-eps-converted-to.pdf ./Figures/ConvergenceLongHorizon.eps>
(epstopdf)             \includegraphics on input line 874.
Package epstopdf Info: Output file is already uptodate.

<./Figures/ConvergenceLongHorizon-eps-converted-to.pdf, id=99, 578.16pt x 433.6
2pt>
File: ./Figures/ConvergenceLongHorizon-eps-converted-to.pdf Graphic file (type 
pdf)
 <use ./Figures/ConvergenceLongHorizon-eps-converted-to.pdf>
Package pdftex.def Info: ./Figures/ConvergenceLongHorizon-eps-converted-to.pdf 
used on input line 874.
(pdftex.def)             Requested size: 231.2599pt x 173.44492pt.
Package epstopdf Info: Source file: <./Figures/HessianDecayLongHorizon.eps>
(epstopdf)                    date: 2015-03-12 13:44:46
(epstopdf)                    size: 143349 bytes
(epstopdf)             Output file: <./Figures/HessianDecayLongHorizon-eps-conv
erted-to.pdf>
(epstopdf)                    date: 2015-03-12 14:20:27
(epstopdf)                    size: 43244 bytes
(epstopdf)             Command: <epstopdf --outfile=./Figures/HessianDecayLongH
orizon-eps-converted-to.pdf ./Figures/HessianDecayLongHorizon.eps>
(epstopdf)             \includegraphics on input line 890.
Package epstopdf Info: Output file is already uptodate.

<./Figures/HessianDecayLongHorizon-eps-converted-to.pdf, id=100, 578.16pt x 433
.62pt>
File: ./Figures/HessianDecayLongHorizon-eps-converted-to.pdf Graphic file (type
 pdf)
 <use ./Figures/HessianDecayLongHorizon-eps-converted-to.pdf>
Package pdftex.def Info: ./Figures/HessianDecayLongHorizon-eps-converted-to.pdf
 used on input line 890.
(pdftex.def)             Requested size: 231.2599pt x 173.44492pt.


LaTeX Warning: `h' float specifier changed to `ht'.

[22 <./Figures/ConvergenceLongHorizon-eps-converted-to.pdf>]
Package epstopdf Info: Source file: <./Figures/HessianSpyShortHorizon.eps>
(epstopdf)                    date: 2015-03-12 14:43:08
(epstopdf)                    size: 40250849 bytes
(epstopdf)             Output file: <./Figures/HessianSpyShortHorizon-eps-conve
rted-to.pdf>
(epstopdf)                    date: 2015-03-12 16:58:30
(epstopdf)                    size: 24114 bytes
(epstopdf)             Command: <epstopdf --outfile=./Figures/HessianSpyShortHo
rizon-eps-converted-to.pdf ./Figures/HessianSpyShortHorizon.eps>
(epstopdf)             \includegraphics on input line 903.
Package epstopdf Info: Output file is already uptodate.

<./Figures/HessianSpyShortHorizon-eps-converted-to.pdf, id=134, 433.62pt x 433.
62pt>
File: ./Figures/HessianSpyShortHorizon-eps-converted-to.pdf Graphic file (type 
pdf)
 <use ./Figures/HessianSpyShortHorizon-eps-converted-to.pdf>
Package pdftex.def Info: ./Figures/HessianSpyShortHorizon-eps-converted-to.pdf 
used on input line 903.
(pdftex.def)             Requested size: 216.80946pt x 216.80946pt.


LaTeX Warning: `h' float specifier changed to `ht'.

Package epstopdf Info: Source file: <./Figures/ConvergenceShortHorizon.eps>
(epstopdf)                    date: 2015-03-12 16:13:32
(epstopdf)                    size: 35544 bytes
(epstopdf)             Output file: <./Figures/ConvergenceShortHorizon-eps-conv
erted-to.pdf>
(epstopdf)                    date: 2015-03-12 16:58:30
(epstopdf)                    size: 15551 bytes
(epstopdf)             Command: <epstopdf --outfile=./Figures/ConvergenceShortH
orizon-eps-converted-to.pdf ./Figures/ConvergenceShortHorizon.eps>
(epstopdf)             \includegraphics on input line 925.
Package epstopdf Info: Output file is already uptodate.

<./Figures/ConvergenceShortHorizon-eps-converted-to.pdf, id=135, 578.16pt x 433
.62pt>
File: ./Figures/ConvergenceShortHorizon-eps-converted-to.pdf Graphic file (type
 pdf)
 <use ./Figures/ConvergenceShortHorizon-eps-converted-to.pdf>
Package pdftex.def Info: ./Figures/ConvergenceShortHorizon-eps-converted-to.pdf
 used on input line 925.
(pdftex.def)             Requested size: 231.2599pt x 173.44492pt.


LaTeX Warning: `h' float specifier changed to `ht'.


Underfull \vbox (badness 3068) has occurred while \output is active []

 [23 <./Figures/HessianDecayLongHorizon-eps-converted-to.pdf>] [24 <./Figures/H
essianSpyShortHorizon-eps-converted-to.pdf> <./Figures/ConvergenceShortHorizon-
eps-converted-to.pdf>] (./template.bbl [25]) [26] (./template.aux)

LaTeX Warning: There were multiply-defined labels.

 ) 
Here is how much of TeX's memory you used:
 4274 strings out of 493488
 64998 string characters out of 3141326
 124729 words of memory out of 3000000
 7517 multiletter control sequences out of 15000+200000
 13818 words of font info for 51 fonts, out of 3000000 for 9000
 957 hyphenation exceptions out of 8191
 38i,16n,38p,1059b,328s stack positions out of 5000i,500n,10000p,200000b,50000s
</usr/local/texlive/2012/texmf-dist/fonts/type1/public/amsfonts/cm/cmbsy10.pf
b></usr/local/texlive/2012/texmf-dist/fonts/type1/public/amsfonts/cm/cmbx10.pfb
></usr/local/texlive/2012/texmf-dist/fonts/type1/public/amsfonts/cm/cmbx12.pfb>
</usr/local/texlive/2012/texmf-dist/fonts/type1/public/amsfonts/cm/cmbx8.pfb></
usr/local/texlive/2012/texmf-dist/fonts/type1/public/amsfonts/cm/cmex10.pfb></u
sr/local/texlive/2012/texmf-dist/fonts/type1/public/amsfonts/cm/cmmi10.pfb></us
r/local/texlive/2012/texmf-dist/fonts/type1/public/amsfonts/cm/cmmi5.pfb></usr/
local/texlive/2012/texmf-dist/fonts/type1/public/amsfonts/cm/cmmi7.pfb></usr/lo
cal/texlive/2012/texmf-dist/fonts/type1/public/amsfonts/cm/cmmi8.pfb></usr/loca
l/texlive/2012/texmf-dist/fonts/type1/public/amsfonts/cm/cmr10.pfb></usr/local/
texlive/2012/texmf-dist/fonts/type1/public/amsfonts/cm/cmr5.pfb></usr/local/tex
live/2012/texmf-dist/fonts/type1/public/amsfonts/cm/cmr7.pfb></usr/local/texliv
e/2012/texmf-dist/fonts/type1/public/amsfonts/cm/cmr8.pfb></usr/local/texlive/2
012/texmf-dist/fonts/type1/public/amsfonts/cm/cmsy10.pfb></usr/local/texlive/20
12/texmf-dist/fonts/type1/public/amsfonts/cm/cmsy5.pfb></usr/local/texlive/2012
/texmf-dist/fonts/type1/public/amsfonts/cm/cmsy6.pfb></usr/local/texlive/2012/t
exmf-dist/fonts/type1/public/amsfonts/cm/cmsy7.pfb></usr/local/texlive/2012/tex
mf-dist/fonts/type1/public/amsfonts/cm/cmti10.pfb></usr/local/texlive/2012/texm
f-dist/fonts/type1/public/amsfonts/cm/cmti8.pfb></usr/local/texlive/2012/texmf-
dist/fonts/type1/public/amsfonts/symbols/msbm10.pfb>
Output written on template.pdf (26 pages, 421738 bytes).
PDF statistics:
 277 PDF objects out of 1000 (max. 8388607)
 139 compressed objects within 2 object streams
 0 named destinations out of 1000 (max. 500000)
 26 words of extra memory for PDF output out of 10000 (max. 10000000)

